build/app/outputs/mapping/release/mapping.txt
# compiler: R8
# compiler_version: 1.5.64
# min_api: 16
# pg_map_id: 2b56a34
...
io.flutter.embedding.engine.FlutterEnginePluginRegistry -> io.flutter.embedding.engine.c:
    android.content.BroadcastReceiver broadcastReceiver -> k
    io.flutter.embedding.engine.plugins.FlutterPlugin$FlutterPluginBinding pluginBinding -> c
    io.flutter.embedding.engine.FlutterEnginePluginRegistry$FlutterEngineActivityPluginBinding activityPluginBinding -> f
    android.app.Service service -> i
    java.util.Map plugins -> a
    android.app.Activity activity -> e
    android.content.ContentProvider contentProvider -> m
    java.util.Map activityAwarePlugins -> d
    io.flutter.embedding.engine.FlutterEngine flutterEngine -> b
    java.util.Map broadcastReceiverAwarePlugins -> j
    boolean isWaitingForActivityReattachment -> g
    java.util.Map contentProviderAwarePlugins -> l
    java.util.Map serviceAwarePlugins -> h
    void attachToActivity(android.app.Activity,androidx.lifecycle.Lifecycle) -> a
    boolean onActivityResult(int,int,android.content.Intent) -> a
    void onNewIntent(android.content.Intent) -> a
    boolean onRequestPermissionsResult(int,java.lang.String[],int[]) -> a
    void onRestoreInstanceState(android.os.Bundle) -> a
    void onUserLeaveHint() -> a
    void remove(java.lang.Class) -> a
    void remove(java.util.Set) -> a
    void detachFromActivityForConfigChanges() -> b
    void onSaveInstanceState(android.os.Bundle) -> b
    void detachFromActivity() -> c
    void destroy() -> d
    void detachFromBroadcastReceiver() -> e
io.flutter.embedding.engine.FlutterEnginePluginRegistry$1 -> io.flutter.embedding.engine.c$a:
io.flutter.embedding.engine.FlutterEnginePluginRegistry$DefaultFlutterAssets -> io.flutter.embedding.engine.c$b:
io.flutter.embedding.engine.FlutterEnginePluginRegistry$FlutterEngineActivityPluginBinding -> io.flutter.embedding.engine.c$c:
    java.util.Set onNewIntentListeners -> c
    java.util.Set onUserLeaveHintListeners -> d
    java.util.Set onSaveInstanceStateListeners -> e
    java.util.Set onRequestPermissionsResultListeners -> a
    java.util.Set onActivityResultListeners -> b
    boolean onActivityResult(int,int,android.content.Intent) -> a
    void onNewIntent(android.content.Intent) -> a
    boolean onRequestPermissionsResult(int,java.lang.String[],int[]) -> a
    void onRestoreInstanceState(android.os.Bundle) -> a
    void onUserLeaveHint() -> a
    void onSaveInstanceState(android.os.Bundle) -> b
io.flutter.embedding.engine.FlutterJNI$AccessibilityDelegate -> io.flutter.embedding.engine.FlutterJNI$a:
    void updateCustomAccessibilityActions(java.nio.ByteBuffer,java.lang.String[]) -> a
    void updateSemantics(java.nio.ByteBuffer,java.lang.String[]) -> b
io.flutter.embedding.engine.FlutterJNI$AsyncWaitForVsyncDelegate -> io.flutter.embedding.engine.FlutterJNI$b:
    void asyncWaitForVsync(long) -> a
io.flutter.embedding.engine.FlutterShellArgs -> io.flutter.embedding.engine.d:
    java.util.Set args -> a
    io.flutter.embedding.engine.FlutterShellArgs fromIntent(android.content.Intent) -> a
    java.lang.String[] toArray() -> a